2020-11-09 12:45:22,861 [Worker-9: Loading available Gradle versions] INFO  o.e.b.c.i.u.g.PublishedGradleVersions - Gradle version information cache is out-of-date. Trying to update.
2020-11-09 12:49:20,440 [Worker-3: Loading available Gradle versions] INFO  o.e.b.c.i.u.g.PublishedGradleVersions - Gradle version information cache is up-to-date. Trying to read.
2020-12-01 11:16:40,060 [Worker-2: Loading available Gradle versions] INFO  o.e.b.c.i.u.g.PublishedGradleVersions - Gradle version information cache is out-of-date. Trying to update.
2020-12-14 14:02:27,795 [Worker-3: Loading available Gradle versions] INFO  o.e.b.c.i.u.g.PublishedGradleVersions - Gradle version information cache is out-of-date. Trying to update.
2020-12-14 16:43:04,008 [Worker-0: Loading available Gradle versions] INFO  o.e.b.c.i.u.g.PublishedGradleVersions - Gradle version information cache is up-to-date. Trying to read.
2020-12-14 21:09:49,786 [Worker-5: Loading available Gradle versions] INFO  o.e.b.c.i.u.g.PublishedGradleVersions - Gradle version information cache is up-to-date. Trying to read.
2020-12-14 21:24:46,276 [Worker-1: Loading available Gradle versions] INFO  o.e.b.c.i.u.g.PublishedGradleVersions - Gradle version information cache is up-to-date. Trying to read.
2020-12-14 21:42:47,342 [Worker-6: Loading available Gradle versions] INFO  o.e.b.c.i.u.g.PublishedGradleVersions - Gradle version information cache is up-to-date. Trying to read.
2020-12-14 21:43:58,570 [Worker-3: Loading available Gradle versions] INFO  o.e.b.c.i.u.g.PublishedGradleVersions - Gradle version information cache is up-to-date. Trying to read.
2020-12-14 21:47:13,142 [Worker-5: Loading available Gradle versions] INFO  o.e.b.c.i.u.g.PublishedGradleVersions - Gradle version information cache is up-to-date. Trying to read.
2020-12-14 21:54:54,200 [Worker-3: Loading available Gradle versions] INFO  o.e.b.c.i.u.g.PublishedGradleVersions - Gradle version information cache is up-to-date. Trying to read.
2020-12-14 22:02:27,241 [Worker-0: Loading available Gradle versions] INFO  o.e.b.c.i.u.g.PublishedGradleVersions - Gradle version information cache is up-to-date. Trying to read.
2020-12-14 22:03:21,659 [Worker-1: Loading available Gradle versions] INFO  o.e.b.c.i.u.g.PublishedGradleVersions - Gradle version information cache is up-to-date. Trying to read.
2020-12-14 22:04:32,198 [Worker-6: Loading available Gradle versions] INFO  o.e.b.c.i.u.g.PublishedGradleVersions - Gradle version information cache is up-to-date. Trying to read.
2020-12-14 22:07:57,735 [Worker-3: Loading available Gradle versions] INFO  o.e.b.c.i.u.g.PublishedGradleVersions - Gradle version information cache is up-to-date. Trying to read.
2020-12-14 23:19:09,567 [Worker-24: Building] INFO  o.e.m.c.i.l.LifecycleMappingFactory - Using DEFAULT lifecycle mapping for MavenProject: org.xtext.example.myunodsl:org.xtext.example.myunodsl:1.0.0-SNAPSHOT @ /home/spedaran/workspace_IDM/UNO/org.xtext.example.myunodsl.parent/org.xtext.example.myunodsl/pom.xml.
2020-12-14 23:19:09,805 [Worker-24: Building] INFO  o.e.m.c.i.embedder.EclipseLogger - Using 'UTF-8' encoding to copy filtered resources.
2020-12-14 23:19:09,805 [Worker-24: Building] INFO  o.e.m.c.i.embedder.EclipseLogger - skip non existing resourceDirectory /home/spedaran/workspace_IDM/UNO/org.xtext.example.myunodsl.parent/org.xtext.example.myunodsl/src/main/resources
2020-12-14 23:19:09,807 [Worker-24: Building] INFO  o.e.m.c.i.embedder.EclipseLogger - Using 'UTF-8' encoding to copy filtered resources.
2020-12-14 23:19:09,807 [Worker-24: Building] INFO  o.e.m.c.i.embedder.EclipseLogger - skip non existing resourceDirectory /home/spedaran/workspace_IDM/UNO/org.xtext.example.myunodsl.parent/org.xtext.example.myunodsl/src/test/resources
2020-12-14 23:19:10,493 [Worker-24: Building] INFO  o.e.m.c.i.l.LifecycleMappingFactory - Using DEFAULT lifecycle mapping for MavenProject: org.xtext.example.myunodsl:org.xtext.example.myunodsl.ide:1.0.0-SNAPSHOT @ /home/spedaran/workspace_IDM/UNO/org.xtext.example.myunodsl.parent/org.xtext.example.myunodsl.ide/pom.xml.
2020-12-14 23:19:10,517 [Worker-24: Building] INFO  o.e.m.c.i.embedder.EclipseLogger - Using 'UTF-8' encoding to copy filtered resources.
2020-12-14 23:19:10,518 [Worker-24: Building] INFO  o.e.m.c.i.embedder.EclipseLogger - skip non existing resourceDirectory /home/spedaran/workspace_IDM/UNO/org.xtext.example.myunodsl.parent/org.xtext.example.myunodsl.ide/src/main/resources
2020-12-14 23:19:10,518 [Worker-24: Building] INFO  o.e.m.c.i.embedder.EclipseLogger - Using 'UTF-8' encoding to copy filtered resources.
2020-12-14 23:19:10,518 [Worker-24: Building] INFO  o.e.m.c.i.embedder.EclipseLogger - skip non existing resourceDirectory /home/spedaran/workspace_IDM/UNO/org.xtext.example.myunodsl.parent/org.xtext.example.myunodsl.ide/src/test/resources
2020-12-14 23:19:10,590 [Worker-24: Building] INFO  o.e.m.c.i.l.LifecycleMappingFactory - Using NULL lifecycle mapping for MavenProject: org.xtext.example.myunodsl:org.xtext.example.myunodsl.parent:1.0.0-SNAPSHOT @ /home/spedaran/workspace_IDM/UNO/org.xtext.example.myunodsl.parent/pom.xml.
2020-12-14 23:19:10,612 [Worker-24: Building] INFO  o.e.m.c.i.l.LifecycleMappingFactory - Using DEFAULT lifecycle mapping for MavenProject: org.xtext.example.myunodsl:org.xtext.example.myunodsl.ide:1.0.0-SNAPSHOT @ /home/spedaran/workspace_IDM/UNO/org.xtext.example.myunodsl.parent/org.xtext.example.myunodsl.ide/pom.xml.
2020-12-14 23:19:10,633 [Worker-24: Building] INFO  o.e.m.c.i.l.LifecycleMappingFactory - Using DEFAULT lifecycle mapping for MavenProject: org.xtext.example.myunodsl:org.xtext.example.myunodsl:1.0.0-SNAPSHOT @ /home/spedaran/workspace_IDM/UNO/org.xtext.example.myunodsl.parent/org.xtext.example.myunodsl/pom.xml.
2020-12-14 23:19:10,698 [Worker-24: Building] INFO  o.e.m.c.i.l.LifecycleMappingFactory - Using DEFAULT lifecycle mapping for MavenProject: org.xtext.example.myunodsl:org.xtext.example.myunodsl.target:1.0.0-SNAPSHOT @ /home/spedaran/workspace_IDM/UNO/org.xtext.example.myunodsl.parent/org.xtext.example.myunodsl.target/pom.xml.
2020-12-14 23:19:10,759 [Worker-24: Building] INFO  o.e.m.c.i.l.LifecycleMappingFactory - Using DEFAULT lifecycle mapping for MavenProject: org.xtext.example.myunodsl:org.xtext.example.myunodsl.ui:1.0.0-SNAPSHOT @ /home/spedaran/workspace_IDM/UNO/org.xtext.example.myunodsl.parent/org.xtext.example.myunodsl.ui/pom.xml.
2020-12-14 23:19:10,842 [Worker-24: Building] INFO  o.e.m.c.i.embedder.EclipseLogger - Using 'UTF-8' encoding to copy filtered resources.
2020-12-14 23:19:10,842 [Worker-24: Building] INFO  o.e.m.c.i.embedder.EclipseLogger - skip non existing resourceDirectory /home/spedaran/workspace_IDM/UNO/org.xtext.example.myunodsl.parent/org.xtext.example.myunodsl.ui/src/main/resources
2020-12-14 23:19:10,844 [Worker-24: Building] INFO  o.e.m.c.i.embedder.EclipseLogger - Using 'UTF-8' encoding to copy filtered resources.
2020-12-14 23:19:10,844 [Worker-24: Building] INFO  o.e.m.c.i.embedder.EclipseLogger - skip non existing resourceDirectory /home/spedaran/workspace_IDM/UNO/org.xtext.example.myunodsl.parent/org.xtext.example.myunodsl.ui/src/test/resources
2020-12-14 23:19:11,274 [Worker-24: Building] INFO  o.e.m.c.i.l.LifecycleMappingFactory - Using DEFAULT lifecycle mapping for MavenProject: org.xtext.example.myunodsl:org.xtext.example.myunodsl.ui.tests:1.0.0-SNAPSHOT @ /home/spedaran/workspace_IDM/UNO/org.xtext.example.myunodsl.parent/org.xtext.example.myunodsl.ui.tests/pom.xml.
2020-12-14 23:19:11,297 [Worker-24: Building] INFO  o.e.m.c.i.embedder.EclipseLogger - Using 'UTF-8' encoding to copy filtered resources.
2020-12-14 23:19:11,297 [Worker-24: Building] INFO  o.e.m.c.i.embedder.EclipseLogger - skip non existing resourceDirectory /home/spedaran/workspace_IDM/UNO/org.xtext.example.myunodsl.parent/org.xtext.example.myunodsl.ui.tests/src/main/resources
2020-12-14 23:19:11,298 [Worker-24: Building] INFO  o.e.m.c.i.embedder.EclipseLogger - Using 'UTF-8' encoding to copy filtered resources.
2020-12-14 23:19:11,299 [Worker-24: Building] INFO  o.e.m.c.i.embedder.EclipseLogger - skip non existing resourceDirectory /home/spedaran/workspace_IDM/UNO/org.xtext.example.myunodsl.parent/org.xtext.example.myunodsl.ui.tests/src/test/resources
2020-12-14 23:19:12,390 [Worker-31: Building] INFO  o.e.m.c.i.embedder.EclipseLogger - Using 'UTF-8' encoding to copy filtered resources.
2020-12-14 23:19:12,390 [Worker-31: Building] INFO  o.e.m.c.i.embedder.EclipseLogger - skip non existing resourceDirectory /home/spedaran/workspace_IDM/UNO/org.xtext.example.myunodsl.parent/org.xtext.example.myunodsl/src/main/resources
2020-12-14 23:19:12,391 [Worker-31: Building] INFO  o.e.m.c.i.embedder.EclipseLogger - Using 'UTF-8' encoding to copy filtered resources.
2020-12-14 23:19:12,391 [Worker-31: Building] INFO  o.e.m.c.i.embedder.EclipseLogger - skip non existing resourceDirectory /home/spedaran/workspace_IDM/UNO/org.xtext.example.myunodsl.parent/org.xtext.example.myunodsl/src/test/resources
2020-12-14 23:19:12,401 [Worker-31: Building] INFO  o.e.m.c.i.embedder.EclipseLogger - Using 'UTF-8' encoding to copy filtered resources.
2020-12-14 23:19:12,401 [Worker-31: Building] INFO  o.e.m.c.i.embedder.EclipseLogger - skip non existing resourceDirectory /home/spedaran/workspace_IDM/UNO/org.xtext.example.myunodsl.parent/org.xtext.example.myunodsl.ide/src/main/resources
2020-12-14 23:19:12,402 [Worker-31: Building] INFO  o.e.m.c.i.embedder.EclipseLogger - Using 'UTF-8' encoding to copy filtered resources.
2020-12-14 23:19:12,402 [Worker-31: Building] INFO  o.e.m.c.i.embedder.EclipseLogger - skip non existing resourceDirectory /home/spedaran/workspace_IDM/UNO/org.xtext.example.myunodsl.parent/org.xtext.example.myunodsl.ide/src/test/resources
2020-12-14 23:19:12,410 [Worker-31: Building] INFO  o.e.m.c.i.embedder.EclipseLogger - Using 'UTF-8' encoding to copy filtered resources.
2020-12-14 23:19:12,410 [Worker-31: Building] INFO  o.e.m.c.i.embedder.EclipseLogger - skip non existing resourceDirectory /home/spedaran/workspace_IDM/UNO/org.xtext.example.myunodsl.parent/org.xtext.example.myunodsl.ui/src/main/resources
2020-12-14 23:19:12,411 [Worker-31: Building] INFO  o.e.m.c.i.embedder.EclipseLogger - Using 'UTF-8' encoding to copy filtered resources.
2020-12-14 23:19:12,411 [Worker-31: Building] INFO  o.e.m.c.i.embedder.EclipseLogger - skip non existing resourceDirectory /home/spedaran/workspace_IDM/UNO/org.xtext.example.myunodsl.parent/org.xtext.example.myunodsl.ui/src/test/resources
2020-12-14 23:19:12,420 [Worker-31: Building] INFO  o.e.m.c.i.embedder.EclipseLogger - Using 'UTF-8' encoding to copy filtered resources.
2020-12-14 23:19:12,420 [Worker-31: Building] INFO  o.e.m.c.i.embedder.EclipseLogger - skip non existing resourceDirectory /home/spedaran/workspace_IDM/UNO/org.xtext.example.myunodsl.parent/org.xtext.example.myunodsl.ui.tests/src/main/resources
2020-12-14 23:19:12,421 [Worker-31: Building] INFO  o.e.m.c.i.embedder.EclipseLogger - Using 'UTF-8' encoding to copy filtered resources.
2020-12-14 23:19:12,421 [Worker-31: Building] INFO  o.e.m.c.i.embedder.EclipseLogger - skip non existing resourceDirectory /home/spedaran/workspace_IDM/UNO/org.xtext.example.myunodsl.parent/org.xtext.example.myunodsl.ui.tests/src/test/resources
2020-12-14 23:19:29,195 [Worker-27: Building] INFO  o.e.m.c.i.embedder.EclipseLogger - Using 'UTF-8' encoding to copy filtered resources.
2020-12-14 23:19:29,196 [Worker-27: Building] INFO  o.e.m.c.i.embedder.EclipseLogger - skip non existing resourceDirectory /home/spedaran/workspace_IDM/UNO/org.xtext.example.myunodsl.parent/org.xtext.example.myunodsl/src/main/resources
2020-12-14 23:19:29,202 [Worker-27: Building] INFO  o.e.m.c.i.embedder.EclipseLogger - Using 'UTF-8' encoding to copy filtered resources.
2020-12-14 23:19:29,203 [Worker-27: Building] INFO  o.e.m.c.i.embedder.EclipseLogger - skip non existing resourceDirectory /home/spedaran/workspace_IDM/UNO/org.xtext.example.myunodsl.parent/org.xtext.example.myunodsl/src/test/resources
2020-12-14 23:19:33,531 [Worker-24: Building] INFO  o.e.m.c.i.embedder.EclipseLogger - Using 'UTF-8' encoding to copy filtered resources.
2020-12-14 23:19:33,531 [Worker-24: Building] INFO  o.e.m.c.i.embedder.EclipseLogger - skip non existing resourceDirectory /home/spedaran/workspace_IDM/UNO/org.xtext.example.myunodsl.parent/org.xtext.example.myunodsl/src/main/resources
2020-12-14 23:19:33,532 [Worker-24: Building] INFO  o.e.m.c.i.embedder.EclipseLogger - Using 'UTF-8' encoding to copy filtered resources.
2020-12-14 23:19:33,532 [Worker-24: Building] INFO  o.e.m.c.i.embedder.EclipseLogger - skip non existing resourceDirectory /home/spedaran/workspace_IDM/UNO/org.xtext.example.myunodsl.parent/org.xtext.example.myunodsl/src/test/resources
2020-12-14 23:19:39,957 [Worker-27: Building] INFO  o.e.m.c.i.embedder.EclipseLogger - Using 'UTF-8' encoding to copy filtered resources.
2020-12-14 23:19:39,957 [Worker-27: Building] INFO  o.e.m.c.i.embedder.EclipseLogger - skip non existing resourceDirectory /home/spedaran/workspace_IDM/UNO/org.xtext.example.myunodsl.parent/org.xtext.example.myunodsl/src/main/resources
2020-12-14 23:19:39,960 [Worker-27: Building] INFO  o.e.m.c.i.embedder.EclipseLogger - Using 'UTF-8' encoding to copy filtered resources.
2020-12-14 23:19:39,961 [Worker-27: Building] INFO  o.e.m.c.i.embedder.EclipseLogger - skip non existing resourceDirectory /home/spedaran/workspace_IDM/UNO/org.xtext.example.myunodsl.parent/org.xtext.example.myunodsl/src/test/resources
2020-12-14 23:20:02,218 [Worker-33: Building] INFO  o.e.m.c.i.embedder.EclipseLogger - Using 'UTF-8' encoding to copy filtered resources.
2020-12-14 23:20:02,218 [Worker-33: Building] INFO  o.e.m.c.i.embedder.EclipseLogger - skip non existing resourceDirectory /home/spedaran/workspace_IDM/UNO/org.xtext.example.myunodsl.parent/org.xtext.example.myunodsl/src/main/resources
2020-12-14 23:20:02,219 [Worker-33: Building] INFO  o.e.m.c.i.embedder.EclipseLogger - Using 'UTF-8' encoding to copy filtered resources.
2020-12-14 23:20:02,219 [Worker-33: Building] INFO  o.e.m.c.i.embedder.EclipseLogger - skip non existing resourceDirectory /home/spedaran/workspace_IDM/UNO/org.xtext.example.myunodsl.parent/org.xtext.example.myunodsl/src/test/resources
2020-12-14 23:20:02,303 [Worker-33: Building] INFO  o.e.m.c.i.embedder.EclipseLogger - Using 'UTF-8' encoding to copy filtered resources.
2020-12-14 23:20:02,303 [Worker-33: Building] INFO  o.e.m.c.i.embedder.EclipseLogger - skip non existing resourceDirectory /home/spedaran/workspace_IDM/UNO/org.xtext.example.myunodsl.parent/org.xtext.example.myunodsl.ide/src/main/resources
2020-12-14 23:20:02,303 [Worker-33: Building] INFO  o.e.m.c.i.embedder.EclipseLogger - Using 'UTF-8' encoding to copy filtered resources.
2020-12-14 23:20:02,304 [Worker-33: Building] INFO  o.e.m.c.i.embedder.EclipseLogger - skip non existing resourceDirectory /home/spedaran/workspace_IDM/UNO/org.xtext.example.myunodsl.parent/org.xtext.example.myunodsl.ide/src/test/resources
2020-12-14 23:20:33,014 [Worker-33: Building] INFO  o.e.m.c.i.embedder.EclipseLogger - Using 'UTF-8' encoding to copy filtered resources.
2020-12-14 23:20:33,014 [Worker-33: Building] INFO  o.e.m.c.i.embedder.EclipseLogger - skip non existing resourceDirectory /home/spedaran/workspace_IDM/UNO/org.xtext.example.myunodsl.parent/org.xtext.example.myunodsl/src/main/resources
2020-12-14 23:20:33,015 [Worker-33: Building] INFO  o.e.m.c.i.embedder.EclipseLogger - Using 'UTF-8' encoding to copy filtered resources.
2020-12-14 23:20:33,015 [Worker-33: Building] INFO  o.e.m.c.i.embedder.EclipseLogger - skip non existing resourceDirectory /home/spedaran/workspace_IDM/UNO/org.xtext.example.myunodsl.parent/org.xtext.example.myunodsl/src/test/resources
2020-12-14 23:20:33,326 [Worker-33: Building] INFO  o.e.m.c.i.embedder.EclipseLogger - Using 'UTF-8' encoding to copy filtered resources.
2020-12-14 23:20:33,326 [Worker-33: Building] INFO  o.e.m.c.i.embedder.EclipseLogger - skip non existing resourceDirectory /home/spedaran/workspace_IDM/UNO/org.xtext.example.myunodsl.parent/org.xtext.example.myunodsl.ide/src/main/resources
2020-12-14 23:20:33,327 [Worker-33: Building] INFO  o.e.m.c.i.embedder.EclipseLogger - Using 'UTF-8' encoding to copy filtered resources.
2020-12-14 23:20:33,327 [Worker-33: Building] INFO  o.e.m.c.i.embedder.EclipseLogger - skip non existing resourceDirectory /home/spedaran/workspace_IDM/UNO/org.xtext.example.myunodsl.parent/org.xtext.example.myunodsl.ide/src/test/resources
2020-12-14 23:20:33,995 [Worker-33: Building] INFO  o.e.m.c.i.embedder.EclipseLogger - Using 'UTF-8' encoding to copy filtered resources.
2020-12-14 23:20:33,995 [Worker-33: Building] INFO  o.e.m.c.i.embedder.EclipseLogger - skip non existing resourceDirectory /home/spedaran/workspace_IDM/UNO/org.xtext.example.myunodsl.parent/org.xtext.example.myunodsl.ui/src/main/resources
2020-12-14 23:20:33,997 [Worker-33: Building] INFO  o.e.m.c.i.embedder.EclipseLogger - Using 'UTF-8' encoding to copy filtered resources.
2020-12-14 23:20:33,997 [Worker-33: Building] INFO  o.e.m.c.i.embedder.EclipseLogger - skip non existing resourceDirectory /home/spedaran/workspace_IDM/UNO/org.xtext.example.myunodsl.parent/org.xtext.example.myunodsl.ui/src/test/resources
2020-12-14 23:20:34,753 [Worker-33: Building] INFO  o.e.m.c.i.embedder.EclipseLogger - Using 'UTF-8' encoding to copy filtered resources.
2020-12-14 23:20:34,754 [Worker-33: Building] INFO  o.e.m.c.i.embedder.EclipseLogger - skip non existing resourceDirectory /home/spedaran/workspace_IDM/UNO/org.xtext.example.myunodsl.parent/org.xtext.example.myunodsl.ui.tests/src/main/resources
2020-12-14 23:20:34,755 [Worker-33: Building] INFO  o.e.m.c.i.embedder.EclipseLogger - Using 'UTF-8' encoding to copy filtered resources.
2020-12-14 23:20:34,755 [Worker-33: Building] INFO  o.e.m.c.i.embedder.EclipseLogger - skip non existing resourceDirectory /home/spedaran/workspace_IDM/UNO/org.xtext.example.myunodsl.parent/org.xtext.example.myunodsl.ui.tests/src/test/resources
2020-12-14 23:20:35,455 [Worker-33: Building] INFO  o.e.m.c.i.embedder.EclipseLogger - Using 'UTF-8' encoding to copy filtered resources.
2020-12-14 23:20:35,455 [Worker-33: Building] INFO  o.e.m.c.i.embedder.EclipseLogger - skip non existing resourceDirectory /home/spedaran/workspace_IDM/UNO/org.xtext.example.myunodsl.parent/org.xtext.example.myunodsl/src/main/resources
2020-12-14 23:20:35,457 [Worker-33: Building] INFO  o.e.m.c.i.embedder.EclipseLogger - Using 'UTF-8' encoding to copy filtered resources.
2020-12-14 23:20:35,457 [Worker-33: Building] INFO  o.e.m.c.i.embedder.EclipseLogger - skip non existing resourceDirectory /home/spedaran/workspace_IDM/UNO/org.xtext.example.myunodsl.parent/org.xtext.example.myunodsl/src/test/resources
2020-12-14 23:20:36,212 [Worker-33: Building] INFO  o.e.m.c.i.embedder.EclipseLogger - Using 'UTF-8' encoding to copy filtered resources.
2020-12-14 23:20:36,212 [Worker-33: Building] INFO  o.e.m.c.i.embedder.EclipseLogger - skip non existing resourceDirectory /home/spedaran/workspace_IDM/UNO/org.xtext.example.myunodsl.parent/org.xtext.example.myunodsl.ui/src/main/resources
2020-12-14 23:20:36,213 [Worker-33: Building] INFO  o.e.m.c.i.embedder.EclipseLogger - Using 'UTF-8' encoding to copy filtered resources.
2020-12-14 23:20:36,213 [Worker-33: Building] INFO  o.e.m.c.i.embedder.EclipseLogger - skip non existing resourceDirectory /home/spedaran/workspace_IDM/UNO/org.xtext.example.myunodsl.parent/org.xtext.example.myunodsl.ui/src/test/resources
2020-12-14 23:20:36,217 [Worker-33: Building] INFO  o.e.m.c.i.embedder.EclipseLogger - Using 'UTF-8' encoding to copy filtered resources.
2020-12-14 23:20:36,217 [Worker-33: Building] INFO  o.e.m.c.i.embedder.EclipseLogger - skip non existing resourceDirectory /home/spedaran/workspace_IDM/UNO/org.xtext.example.myunodsl.parent/org.xtext.example.myunodsl.ui.tests/src/main/resources
2020-12-14 23:20:36,218 [Worker-33: Building] INFO  o.e.m.c.i.embedder.EclipseLogger - Using 'UTF-8' encoding to copy filtered resources.
2020-12-14 23:20:36,218 [Worker-33: Building] INFO  o.e.m.c.i.embedder.EclipseLogger - skip non existing resourceDirectory /home/spedaran/workspace_IDM/UNO/org.xtext.example.myunodsl.parent/org.xtext.example.myunodsl.ui.tests/src/test/resources
2020-12-14 23:21:31,961 [Worker-33: Building] INFO  o.e.m.c.i.embedder.EclipseLogger - Using 'UTF-8' encoding to copy filtered resources.
2020-12-14 23:21:31,962 [Worker-33: Building] INFO  o.e.m.c.i.embedder.EclipseLogger - skip non existing resourceDirectory /home/spedaran/workspace_IDM/UNO/org.xtext.example.myunodsl.parent/org.xtext.example.myunodsl/src/main/resources
2020-12-14 23:21:31,962 [Worker-33: Building] INFO  o.e.m.c.i.embedder.EclipseLogger - Using 'UTF-8' encoding to copy filtered resources.
2020-12-14 23:21:31,963 [Worker-33: Building] INFO  o.e.m.c.i.embedder.EclipseLogger - skip non existing resourceDirectory /home/spedaran/workspace_IDM/UNO/org.xtext.example.myunodsl.parent/org.xtext.example.myunodsl/src/test/resources
2020-12-14 23:21:31,966 [Worker-33: Building] INFO  o.e.m.c.i.embedder.EclipseLogger - Using 'UTF-8' encoding to copy filtered resources.
2020-12-14 23:21:31,967 [Worker-33: Building] INFO  o.e.m.c.i.embedder.EclipseLogger - skip non existing resourceDirectory /home/spedaran/workspace_IDM/UNO/org.xtext.example.myunodsl.parent/org.xtext.example.myunodsl.ide/src/main/resources
2020-12-14 23:21:31,969 [Worker-33: Building] INFO  o.e.m.c.i.embedder.EclipseLogger - Using 'UTF-8' encoding to copy filtered resources.
2020-12-14 23:21:31,969 [Worker-33: Building] INFO  o.e.m.c.i.embedder.EclipseLogger - skip non existing resourceDirectory /home/spedaran/workspace_IDM/UNO/org.xtext.example.myunodsl.parent/org.xtext.example.myunodsl.ide/src/test/resources
2020-12-14 23:56:56,306 [Worker-5: Loading available Gradle versions] INFO  o.e.b.c.i.u.g.PublishedGradleVersions - Gradle version information cache is up-to-date. Trying to read.
2020-12-15 05:50:06,677 [Worker-1: Loading available Gradle versions] INFO  o.e.b.c.i.u.g.PublishedGradleVersions - Gradle version information cache is up-to-date. Trying to read.
